<?xml version="1.0" encoding="UTF-8"?>
<!-- Generated by org.testng.reporters.JUnitReportReporter -->
<testsuite hostname="sanjay" failures="0" tests="1" name="pages.baseTest" time="6.969" errors="0" timestamp="21 Mar 2019 11:05:14 GMT">
  <testcase classname="pages.baseTest" name="Launchfnp" time="6.969"/>
</testsuite> <!-- pages.baseTest -->
