<?xml version="1.0" encoding="UTF-8"?>
<!-- Generated by org.testng.reporters.JUnitReportReporter -->
<testsuite hostname="sanjay" failures="0" tests="1" name="testcases.fnpextentReport" time="15.664" errors="0" timestamp="28 Mar 2019 15:10:21 GMT" skipped="0">
  <testcase classname="testcases.fnpextentReport" name="validlogin" time="15.664"/>
</testsuite> <!-- testcases.fnpextentReport -->
