<?xml version="1.0" encoding="UTF-8"?>
<!-- Generated by org.testng.reporters.JUnitReportReporter -->
<testsuite hostname="sanjay" failures="0" tests="1" name="testcases.fnpextentReport" time="19.777" errors="0" timestamp="31 Mar 2019 21:28:36 GMT" skipped="0">
  <testcase classname="testcases.fnpextentReport" name="validlogin" time="19.777"/>
</testsuite> <!-- testcases.fnpextentReport -->
