<?xml version="1.0" encoding="UTF-8"?>
<!-- Generated by org.testng.reporters.JUnitReportReporter -->
<testsuite hostname="sanjay" failures="0" tests="1" name="testcases.tc1searchitemTest" time="13.836" errors="0" timestamp="24 Mar 2019 18:41:51 GMT">
  <testcase classname="testcases.tc1searchitemTest" name="f" time="13.836"/>
</testsuite> <!-- testcases.tc1searchitemTest -->
