<?xml version="1.0" encoding="UTF-8"?>
<!-- Generated by org.testng.reporters.JUnitReportReporter -->
<testsuite hostname="sanjay" failures="0" tests="1" name="testcases.tc1PsitiveValidation" time="47.984" errors="0" timestamp="24 Mar 2019 19:04:09 GMT">
  <testcase classname="testcases.tc1PsitiveValidation" name="tc1PsitiveValidation" time="47.984"/>
</testsuite> <!-- testcases.tc1PsitiveValidation -->
