<?xml version="1.0" encoding="UTF-8"?>
<!-- Generated by org.testng.reporters.JUnitReportReporter -->
<testsuite hostname="sanjay" failures="0" tests="1" name="testcases.tc2NegativeValidation" time="56.732" errors="0" timestamp="02 Apr 2019 10:52:30 GMT" skipped="0">
  <testcase classname="testcases.tc2NegativeValidation" name="tc2NegativeValidation" time="56.732"/>
</testsuite> <!-- testcases.tc2NegativeValidation -->
