<?xml version="1.0" encoding="UTF-8"?>
<!-- Generated by org.testng.reporters.JUnitReportReporter -->
<testsuite hostname="sanjay" failures="0" tests="1" name="fnp.util.fnpextentReport" time="15.710" errors="0" timestamp="02 Apr 2019 08:17:50 GMT" skipped="0">
  <testcase classname="fnp.util.fnpextentReport" name="validlogin" time="15.710"/>
</testsuite> <!-- fnp.util.fnpextentReport -->
