<?xml version="1.0" encoding="UTF-8"?>
<!-- Generated by org.testng.reporters.JUnitReportReporter -->
<testsuite hostname="sanjay" failures="0" tests="1" name="testcases.searchingProduct" time="39.148" errors="0" timestamp="25 Mar 2019 13:39:13 GMT">
  <testcase classname="testcases.searchingProduct" name="searchingproduct" time="39.148"/>
</testsuite> <!-- testcases.searchingProduct -->
