<?xml version="1.0" encoding="UTF-8"?>
<!-- Generated by org.testng.reporters.JUnitReportReporter -->
<testsuite hostname="sanjay" failures="0" tests="1" name="testcases.tc2NegativeValidation" time="50.828" errors="0" timestamp="24 Mar 2019 19:04:09 GMT">
  <testcase classname="testcases.tc2NegativeValidation" name="tc2NegativeValidation" time="50.828"/>
</testsuite> <!-- testcases.tc2NegativeValidation -->
