<?xml version="1.0" encoding="UTF-8"?>
<!-- Generated by org.testng.reporters.JUnitReportReporter -->
<testsuite hostname="sanjay" failures="0" tests="1" name="testcases.tc1PsitiveValidation" time="54.813" errors="0" timestamp="02 Apr 2019 10:52:30 GMT" skipped="0">
  <testcase classname="testcases.tc1PsitiveValidation" name="tc1PsitiveValidation" time="54.813"/>
</testsuite> <!-- testcases.tc1PsitiveValidation -->
